<?xml version="1.0" encoding="UTF-8"?>
<!-- Generated by org.testng.reporters.JUnitReportReporter -->
<testsuite hostname="DESKTOP-1RLTEAV" failures="0" tests="1" name="driverFactory.AppTest" time="38.976" errors="0" timestamp="2025-07-01T18:18:50 IST" skipped="0">
  <testcase classname="driverFactory.AppTest" name="startTest" time="38.976">
    <system-out>
      <![CDATA[No of rows  9
Login success
Invalid credentials
Invalid credentials
Login success
Username cannot be empty
Password cannot be empty
Login success
Username cannot be empty
Login success]]>
    </system-out>
  </testcase> <!-- startTest -->
  <system-out>
    <![CDATA[No of rows  9
Login success
Invalid credentials
Invalid credentials
Login success
Username cannot be empty
Password cannot be empty
Login success
Username cannot be empty
Login success]]>
  </system-out>
</testsuite> <!-- driverFactory.AppTest -->
